"blank"			"=========================="
"blank"			"#Valve_Movement_Title"
"blank"			"=========================="
"+forward"		"#Valve_Move_Forward"
"+back"			"#Valve_Move_Back"
"+left"			"#Valve_Turn_Left"
"+right"		"#Valve_Turn_Right"
"+moveleft"		"#Valve_Move_Left"
"+moveright"		"#Valve_Move_Right"
"+bhop"			"Bunnyjump"
"+climb"		"Climb small boxes, railings, etc."
"+jump"			"Jump (use bunnyjump instead)"
"+duck"			"#Valve_Duck"
"+speed"		"#Valve_Walk"
"+moveup"		"#Valve_Swim_Up"
"+movedown"		"#Valve_Swim_Down"
"+lookup"		"#Valve_Look_Up"
"+lookdown"		"#Valve_Look_Down"
"centerview"		"#Valve_Look_Straight_Ahead"
"blank"			"=========================="
"blank"			"#Valve_Communication_Title"
"blank"			"=========================="
"+voicerecord"		"#Valve_Use_Voice_Communication"
"messagemode"		"#Valve_Chat_Message"
"messagemode2"		"#Valve_Team_Message"
"say timeleft"		"Request remaining time on server"
"say nextmap"		"Request next map"
"blank"			"=========================="
"blank"			"#Valve_Combat_Title"
"blank"			"=========================="
"+attack"		"#Valve_Primary_Attack"
"+attack2"		"#Valve_Secondary_Attack"
"+reload"		"#Valve_Reload_Weapon"
"+use"			"#Valve_Use_Items"
"impulse 100"		"#Valve_Flashlight"
"impulse 201"		"#Valve_Spray_Logo"
"slot1"			"#Valve_Weapon_Category_1"
"slot2"			"#Valve_Weapon_Category_2"
"slot3" 		"#Valve_Weapon_Category_3"
"slot4"			"#Valve_Weapon_Category_4"
"slot5"			"#Valve_Weapon_Category_5"
"slot6"			"#Valve_Weapon_Category_6"
"slot7"			"#Valve_Weapon_Category_7"
"slot8"			"#Valve_Weapon_Category_8"
"slot9"			"#Valve_Weapon_Category_9"
"slot10"		"Weapon category 10"
"invprev"		"#Valve_Previous_Weapon"
"invnext"		"#Valve_Next_Weapon"
"lastinv"		"#Valve_Last_Weapon_Used"
"drop"			"Drop current weapon"
"kill"			"Suicide"
"blank"			"=========================="
"blank"			"WEAPON SELECT"
"blank"			"=========================="
"weapon_crowbar"	"Select Crowbar"
"weapon_9mmhandgun"	"Select Glock"
"weapon_357"		"Select .357 Magnum"
"weapon_9mmAR"		"Select MP5"
"weapon_shotgun"	"Select Shotgun"
"weapon_crossbow"	"Select Crossbow"
"weapon_rpg"		"Select RPG"
"weapon_gauss"		"Select Gauss"
"weapon_egon"		"Select Egon"
"weapon_hornetgun"	"Select Hornetgun"
"weapon_handgrenade"	"Select Hand Grenade"
"weapon_satchel"	"Select Satchel"
"weapon_tripmine"	"Select Tripmine"
"weapon_snark"		"Select Snark"
"blank"			"=========================="
"blank"			"#Valve_Miscellaneous_Title"
"blank"			"=========================="
"+showscores"		"#Valve_Display_Scores"
"snapshot"		"#Valve_Take_Screen_Shot"
"spectate"		"Spectator mode"
"stopsound"		"Stop all sounds"
"disconnect"		"Quick disconnect"
"save quick"		"#Valve_Quick_Save"
"load quick"		"#Valve_Quick_Load"
"pause"			"#Valve_Pause_Game"
"quit"			"#Valve_Quit_Game"
"blank"			"=========================="
"blank"			"RCD"
"blank"			"=========================="
"jpeg"			"JPEG screenshot"
"autorecord"		"Record autodemo manually"
"stop"			"Stop recording demo"
"resetbh"		"Reset bhop, if detected incorrectly"
"_toggle volume 0.0 0.05 0.1 0.2 0.3 0.4 0.5 0.6 0.7 0.8 0.9 1.0 1.0"	"Increase sound volume"
"_toggle volume 1.0 0.9 0.8 0.7 0.6 0.5 0.4 0.3 0.2 0.1 0.05 0.0 0.0"	"Decrease sound volume"
"_toggle fps_max 30 50 58.8235 60 62.5 71.4285 76.9230 83.3333 100 111.111 125 200 250"	"Increase the FPS (game looks smoother)"
"_toggle fps_max 250 200 125 111.111 100 83.3333 76.9230 71.4285 62.5 60 58.8235 50 30" "Decrease the FPS (if there's lag)"
"_toggle r_drawviewmodel"						"Toggle view weapon model"