hlcsg v3.4 VL33 (Feb  2 2014)
Zoner's Half-Life Compilation Tools -- Custom Build
Based on code modifications by Sean 'Zoner' Cavanaugh
Based on Valve's version, modified with permission.
Submit detailed bug reports to (vluzacn@163.com)
-----  BEGIN  hlcsg -----
Command line: "D:/Program Files/J.A.C.K/halflife/hlcsg.exe" "D:\Users\gesu\Documents\Projects\Lost Heaven\heaven\maps\o1" 
Arguments: "D:\Users\gesu\Documents\Projects\Lost Heaven\heaven\maps\o1" -low -wadautodetect 
Entering D:\Users\gesu\Documents\Projects\Lost Heaven\heaven\maps\o1.map

Current hlcsg Settings
Name                 |  Setting  |  Default
---------------------|-----------|-------------------------
threads               [       8 ] [  Varies ]
verbose               [     off ] [     off ]
log                   [      on ] [      on ]
reset logfile         [      on ] [      on ]
developer             [       0 ] [       0 ]
chart                 [     off ] [     off ]
estimate              [     off ] [     off ]
max texture memory    [ 33554432 ] [ 33554432 ]
max lighting memory   [ 50331648 ] [ 50331648 ]
priority              [     Low ] [  Normal ]

noclip                [     off ] [     off ]
null texture stripping[      on ] [      on ]
clipnode economy mode [     off ] [     off ]
clip hull type        [  simple ] [  simple ]
onlyents              [     off ] [     off ]
wadtextures           [      on ] [      on ]
skyclip               [      on ] [      on ]
hullfile              [    None ] [    None ]
wad configuration file[    None ] [    None ]
wad.cfg group name    [    None ] [    None ]
nullfile              [    None ] [    None ]
nullify trigger       [      on ] [      on ]
min surface area      [   0.000 ] [   0.000 ]
brush union threshold [   0.000 ] [   0.000 ]
map scaling           [    None ] [    None ]
light name optimize   [      on ] [      on ]
UTF8 game_text        [      on ] [      on ]

Using mapfile wad configuration
Wadfiles not in use by the map will be excluded
Wadinclude list :
[zhlt.wad]

CreateBrush:
 (0.05 seconds)
CSGBrush:
 (0.13 seconds)

added 1 additional animating textures.
Including Wadfile: \Program Files\Valve Hammer Editor\zhlt.wad
 - Contains 4 used textures, 26.67 percent of map (22 textures in wad)
Using Wadfile: \Users\gesu\Documents\Projects\Lost Heaven\heaven\Heaven.wad
 - Contains 11 used textures, 73.33 percent of map (15 textures in wad)

Wad files required to run the map: "Heaven.wad;"
Texture usage is at 0.18 mb (of 32.00 mb MAX)
0.21 seconds elapsed

-----   END   hlcsg -----



hlbsp v3.4 VL33 (Feb  2 2014)
Zoner's Half-Life Compilation Tools -- Custom Build
Based on code modifications by Sean 'Zoner' Cavanaugh
Based on Valve's version, modified with permission.
Submit detailed bug reports to (vluzacn@163.com)
-----  BEGIN  hlbsp -----
Command line: "D:/Program Files/J.A.C.K/halflife/hlbsp.exe" "D:\Users\gesu\Documents\Projects\Lost Heaven\heaven\maps\o1" 
Arguments: "D:\Users\gesu\Documents\Projects\Lost Heaven\heaven\maps\o1" -low -chart 

Current hlbsp Settings
Name               |  Setting  |  Default
-------------------|-----------|-------------------------
threads             [       8 ] [  Varies ]
verbose             [     off ] [     off ]
log                 [      on ] [      on ]
developer           [       0 ] [       0 ]
chart               [      on ] [     off ]
estimate            [     off ] [     off ]
max texture memory  [ 33554432 ] [ 33554432 ]
priority            [     Low ] [  Normal ]

noclip              [     off ] [     off ]
nofill              [     off ] [     off ]
noinsidefill        [     off ] [     off ]
noopt               [     off ] [     off ]
no clipnode merging [     off ] [     off ]
null tex. stripping [      on ] [      on ]
notjunc             [     off ] [     off ]
nobrink             [     off ] [     off ]
subdivide size      [     240 ] [     240 ] (Min 64) (Max 512)
max node size       [    1024 ] [    1024 ] (Min 64) (Max 65536)
remove hull 2       [     off ] [     off ]


SolidBSP [hull 0] 500...1000...1095 (0.11 seconds)
BSP generation successful, writing portal file 'D:\Users\gesu\Documents\Projects\Lost Heaven\heaven\maps\o1.prt'
SolidBSP [hull 1] 500...1000...1500...2000...2110 (0.35 seconds)
SolidBSP [hull 2] 500...1000...1500...2000...2012 (0.32 seconds)
SolidBSP [hull 3] 500...1000...1500...2000...2072 (0.33 seconds)
Reduced 6020 clipnodes to 5383
Reduced 518 texinfos to 426
Reduced 15 texdatas to 14 (58152 bytes to 35576)
Reduced 7944 planes to 2931
FixBrinks:
Increased 5383 clipnodes to 5401.

Object names  Objects/Maxobjs  Memory / Maxmem  Fullness
------------  ---------------  ---------------  --------
models              6/512          384/32768    ( 1.2%)
planes           2931/32768      58620/655360   ( 8.9%)
vertexes         2826/65535      33912/786420   ( 4.3%)
nodes            1104/32767      26496/786408   ( 3.4%)
texinfos          426/32767      17040/1310680  ( 1.3%)
faces            2057/65535      41140/1310700  ( 3.1%)
* worldfaces     1997/32768          0/0        ( 6.1%)
clipnodes        5401/32767      43208/262136   (16.5%)
leaves            761/32760      21308/917280   ( 2.3%)
* worldleaves     719/8192           0/0        ( 8.8%)
marksurfaces     2560/65535       5120/131070   ( 3.9%)
surfedges        9791/512000     39164/2048000  ( 1.9%)
edges            4898/256000     19592/1024000  ( 1.9%)
texdata          [variable]      35576/33554432 ( 0.1%)
lightdata        [variable]          0/50331648 ( 0.0%)
visdata          [variable]          0/8388608  ( 0.0%)
entdata          [variable]      10495/2097152  ( 0.5%)
* AllocBlock        7/64             0/0        (10.9%)
14 textures referenced
=== Total BSP file data space used: 352055 bytes ===
Wad files required to run the map: "Heaven.wad;"
1.60 seconds elapsed

-----   END   hlbsp -----




P2:Savior tools v.0.96 beta (Sep 26 2018)

Current p2rad settings
Name                 |  Setting  |  Default
---------------------|-----------|-------------------------
developer             [       2 ] [       2 ]
fast rad              [     off ] [     off ]
extra rad             [     off ] [     off ]
bounces               [       3 ] [       3 ]
smoothing threshold   [  50.000 ] [  50.000 ]
blur size             [   1.000 ] [   1.000 ]
direct light scale    [   2.000 ] [   2.000 ]
global light scale    [   1.000 ] [   1.000 ]
gamma factor          [   0.500 ] [   0.500 ]
chop value            [ 128.000 ] [ 128.000 ]
texchop value         [  32.000 ] [  32.000 ]
global sky diffusion  [   1.000 ] [   1.000 ]
dirtmapping           [     off ] [     off ]

rootdir D:\Users\gesu\Documents\Projects\Lost Heaven

[Reading texlights from 'D:\Users\gesu\Documents\Projects\Lost Heaven\heaven\devkit\tools\lights.rad']
Error: no vis information, compile time may be adversely affected.
3167 base patches, required 828.86 Kb
14 direct lights
FindFacePositions:  
0%...10%...20%...30%...40%...50%...60%...70%...80%...90%...100% (0.03 secs)
position maps: 2.24 Mb
BuildFaceLights:    
0%...10%...20%...30%...40%...50%...60%...70%...80%...90%...100% (0.32 secs)
total facelight data: 6.42 Mb
MakeTransfers:      
0%...10%...20%...30%...40%...50%...60%...70%...80%...90%...100% (0.34 secs)
transfer lists: 2.14 Mb
BounceLight 1:
0%...10%...20%...30%...40%...50%...60%...70%...80%...90%...100% (0.00 secs)
BounceLight 2:
0%...10%...20%...30%...40%...50%...60%...70%...80%...90%...100% (0.00 secs)
BounceLight 3:
0%...10%...20%...30%...40%...50%...60%...70%...80%...90%...100% (0.00 secs)
FacePatchLights:    
0%...10%...20%...30%...40%...50%...60%...70%...80%...90%...100% (0.02 secs)
FinalLightFace:     
0%...10%...20%...30%...40%...50%...60%...70%...80%...90%...100% (0.00 secs)
Reduce lightmap from 386.87 Kb to 146.77 Kb
LeafAmbientLighting:
0%...10%...20%...30%...40%...50%...60%...70%...80%...90%...100% (0.16 secs)
0 seconds elapsed
